This file contains any messages produced by compilers while
running configure, to aid debugging if configure makes a mistake.

It was created by unimrcp configure 1.5.0, which was
generated by GNU Autoconf 2.63.  Invocation command line was

  $ ./configure 

## --------- ##
## Platform. ##
## --------- ##

hostname = lptp-15
uname -m = x86_64
uname -r = 4.15.0-32-generic
uname -s = Linux
uname -v = #35~16.04.1-Ubuntu SMP Fri Aug 10 21:54:34 UTC 2018

/usr/bin/uname -p = unknown
/bin/uname -X     = unknown

/bin/arch              = unknown
/usr/bin/arch -k       = unknown
/usr/convex/getsysinfo = unknown
/usr/bin/hostinfo      = unknown
/bin/machine           = unknown
/usr/bin/oslevel       = unknown
/bin/universe          = unknown

PATH: /home/local/CORPORATE/naman/bin
PATH: /home/local/CORPORATE/naman/.local/bin
PATH: /usr/local/sbin
PATH: /usr/local/bin
PATH: /usr/sbin
PATH: /usr/bin
PATH: /sbin
PATH: /bin
PATH: /usr/games
PATH: /usr/local/games
PATH: /snap/bin
PATH: /usr/lib/jvm/java-8-oracle/bin
PATH: /usr/lib/jvm/java-8-oracle/db/bin
PATH: /usr/lib/jvm/java-8-oracle/jre/bin
PATH: /opt/supranetcom/triton/bin


## ----------- ##
## Core tests. ##
## ----------- ##

configure:3745: checking for chosen layout
configure:3747: result: classic
configure:3957: checking for a BSD-compatible install
configure:4025: result: /usr/bin/install -c
configure:4036: checking whether build environment is sane
configure:4096: result: yes
configure:4237: checking for a thread-safe mkdir -p
configure:4276: result: /bin/mkdir -p
configure:4289: checking for gawk
configure:4319: result: no
configure:4289: checking for mawk
configure:4305: found /usr/bin/mawk
configure:4316: result: mawk
configure:4327: checking whether make sets $(MAKE)
configure:4349: result: yes
configure:4491: checking for gcc
configure:4507: found /usr/bin/gcc
configure:4518: result: gcc
configure:4750: checking for C compiler version
configure:4758: gcc --version >&5
gcc (Ubuntu 5.4.0-6ubuntu1~16.04.10) 5.4.0 20160609
Copyright (C) 2015 Free Software Foundation, Inc.
This is free software; see the source for copying conditions.  There is NO
warranty; not even for MERCHANTABILITY or FITNESS FOR A PARTICULAR PURPOSE.

configure:4762: $? = 0
configure:4769: gcc -v >&5
Using built-in specs.
COLLECT_GCC=gcc
COLLECT_LTO_WRAPPER=/usr/lib/gcc/x86_64-linux-gnu/5/lto-wrapper
Target: x86_64-linux-gnu
Configured with: ../src/configure -v --with-pkgversion='Ubuntu 5.4.0-6ubuntu1~16.04.10' --with-bugurl=file:///usr/share/doc/gcc-5/README.Bugs --enable-languages=c,ada,c++,java,go,d,fortran,objc,obj-c++ --prefix=/usr --program-suffix=-5 --enable-shared --enable-linker-build-id --libexecdir=/usr/lib --without-included-gettext --enable-threads=posix --libdir=/usr/lib --enable-nls --with-sysroot=/ --enable-clocale=gnu --enable-libstdcxx-debug --enable-libstdcxx-time=yes --with-default-libstdcxx-abi=new --enable-gnu-unique-object --disable-vtable-verify --enable-libmpx --enable-plugin --with-system-zlib --disable-browser-plugin --enable-java-awt=gtk --enable-gtk-cairo --with-java-home=/usr/lib/jvm/java-1.5.0-gcj-5-amd64/jre --enable-java-home --with-jvm-root-dir=/usr/lib/jvm/java-1.5.0-gcj-5-amd64 --with-jvm-jar-dir=/usr/lib/jvm-exports/java-1.5.0-gcj-5-amd64 --with-arch-directory=amd64 --with-ecj-jar=/usr/share/java/eclipse-ecj.jar --enable-objc-gc --enable-multiarch --disable-werror --with-arch-32=i686 --with-abi=m64 --with-multilib-list=m32,m64,mx32 --enable-multilib --with-tune=generic --enable-checking=release --build=x86_64-linux-gnu --host=x86_64-linux-gnu --target=x86_64-linux-gnu
Thread model: posix
gcc version 5.4.0 20160609 (Ubuntu 5.4.0-6ubuntu1~16.04.10) 
configure:4773: $? = 0
configure:4780: gcc -V >&5
gcc: error: unrecognized command line option '-V'
gcc: fatal error: no input files
compilation terminated.
configure:4784: $? = 1
configure:4807: checking for C compiler default output file name
configure:4829: gcc    conftest.c  >&5
configure:4833: $? = 0
configure:4871: result: a.out
configure:4890: checking whether the C compiler works
configure:4900: ./a.out
configure:4904: $? = 0
configure:4923: result: yes
configure:4930: checking whether we are cross compiling
configure:4932: result: no
configure:4935: checking for suffix of executables
configure:4942: gcc -o conftest    conftest.c  >&5
configure:4946: $? = 0
configure:4972: result: 
configure:4978: checking for suffix of object files
configure:5004: gcc -c   conftest.c >&5
configure:5008: $? = 0
configure:5033: result: o
configure:5037: checking whether we are using the GNU C compiler
configure:5066: gcc -c   conftest.c >&5
configure:5073: $? = 0
configure:5090: result: yes
configure:5099: checking whether gcc accepts -g
configure:5129: gcc -c -g  conftest.c >&5
configure:5136: $? = 0
configure:5237: result: yes
configure:5254: checking for gcc option to accept ISO C89
configure:5328: gcc  -c -g -O2  conftest.c >&5
configure:5335: $? = 0
configure:5358: result: none needed
configure:5387: checking for style of include used by make
configure:5415: result: GNU
configure:5440: checking dependency style of gcc
configure:5550: result: gcc3
configure:5623: checking for g++
configure:5639: found /usr/bin/g++
configure:5650: result: g++
configure:5677: checking for C++ compiler version
configure:5685: g++ --version >&5
g++ (Ubuntu 5.4.0-6ubuntu1~16.04.10) 5.4.0 20160609
Copyright (C) 2015 Free Software Foundation, Inc.
This is free software; see the source for copying conditions.  There is NO
warranty; not even for MERCHANTABILITY or FITNESS FOR A PARTICULAR PURPOSE.

configure:5689: $? = 0
configure:5696: g++ -v >&5
Using built-in specs.
COLLECT_GCC=g++
COLLECT_LTO_WRAPPER=/usr/lib/gcc/x86_64-linux-gnu/5/lto-wrapper
Target: x86_64-linux-gnu
Configured with: ../src/configure -v --with-pkgversion='Ubuntu 5.4.0-6ubuntu1~16.04.10' --with-bugurl=file:///usr/share/doc/gcc-5/README.Bugs --enable-languages=c,ada,c++,java,go,d,fortran,objc,obj-c++ --prefix=/usr --program-suffix=-5 --enable-shared --enable-linker-build-id --libexecdir=/usr/lib --without-included-gettext --enable-threads=posix --libdir=/usr/lib --enable-nls --with-sysroot=/ --enable-clocale=gnu --enable-libstdcxx-debug --enable-libstdcxx-time=yes --with-default-libstdcxx-abi=new --enable-gnu-unique-object --disable-vtable-verify --enable-libmpx --enable-plugin --with-system-zlib --disable-browser-plugin --enable-java-awt=gtk --enable-gtk-cairo --with-java-home=/usr/lib/jvm/java-1.5.0-gcj-5-amd64/jre --enable-java-home --with-jvm-root-dir=/usr/lib/jvm/java-1.5.0-gcj-5-amd64 --with-jvm-jar-dir=/usr/lib/jvm-exports/java-1.5.0-gcj-5-amd64 --with-arch-directory=amd64 --with-ecj-jar=/usr/share/java/eclipse-ecj.jar --enable-objc-gc --enable-multiarch --disable-werror --with-arch-32=i686 --with-abi=m64 --with-multilib-list=m32,m64,mx32 --enable-multilib --with-tune=generic --enable-checking=release --build=x86_64-linux-gnu --host=x86_64-linux-gnu --target=x86_64-linux-gnu
Thread model: posix
gcc version 5.4.0 20160609 (Ubuntu 5.4.0-6ubuntu1~16.04.10) 
configure:5700: $? = 0
configure:5707: g++ -V >&5
g++: error: unrecognized command line option '-V'
g++: fatal error: no input files
compilation terminated.
configure:5711: $? = 1
configure:5714: checking whether we are using the GNU C++ compiler
configure:5743: g++ -c   conftest.cpp >&5
configure:5750: $? = 0
configure:5767: result: yes
configure:5776: checking whether g++ accepts -g
configure:5806: g++ -c -g  conftest.cpp >&5
configure:5813: $? = 0
configure:5914: result: yes
configure:5939: checking dependency style of g++
configure:6049: result: gcc3
configure:6065: checking whether gcc and cc understand -c and -o together
configure:6100: gcc -c conftest.c -o conftest2.o >&5
configure:6104: $? = 0
configure:6110: gcc -c conftest.c -o conftest2.o >&5
configure:6114: $? = 0
configure:6125: cc -c conftest.c >&5
configure:6129: $? = 0
configure:6137: cc -c conftest.c -o conftest2.o >&5
configure:6141: $? = 0
configure:6147: cc -c conftest.c -o conftest2.o >&5
configure:6151: $? = 0
configure:6169: result: yes
configure:6210: checking for a BSD-compatible install
configure:6278: result: /usr/bin/install -c
configure:6323: checking build system type
configure:6341: result: x86_64-unknown-linux-gnu
configure:6363: checking host system type
configure:6378: result: x86_64-unknown-linux-gnu
configure:6400: checking for a sed that does not truncate output
configure:6466: result: /bin/sed
configure:6484: checking for grep that handles long lines and -e
configure:6544: result: /bin/grep
configure:6549: checking for egrep
configure:6613: result: /bin/grep -E
configure:6618: checking for fgrep
configure:6682: result: /bin/grep -F
configure:6717: checking for ld used by gcc
configure:6784: result: /usr/bin/ld
configure:6793: checking if the linker (/usr/bin/ld) is GNU ld
configure:6808: result: yes
configure:6820: checking for BSD- or MS-compatible name lister (nm)
configure:6869: result: /usr/bin/nm -B
configure:6987: checking the name lister (/usr/bin/nm -B) interface
configure:6994: gcc -c -g -O2  conftest.c >&5
configure:6997: /usr/bin/nm -B "conftest.o"
configure:7000: output
0000000000000000 B some_variable
configure:7007: result: BSD nm
configure:7010: checking whether ln -s works
configure:7014: result: yes
configure:7022: checking the maximum length of command line arguments
configure:7142: result: 1572864
configure:7159: checking whether the shell understands some XSI constructs
configure:7169: result: yes
configure:7173: checking whether the shell understands "+="
configure:7179: result: yes
configure:7214: checking for /usr/bin/ld option to reload object files
configure:7221: result: -r
configure:7290: checking for objdump
configure:7306: found /usr/bin/objdump
configure:7317: result: objdump
configure:7349: checking how to recognize dependent libraries
configure:7545: result: pass_all
configure:7605: checking for ar
configure:7621: found /usr/bin/ar
configure:7632: result: ar
configure:7710: checking for strip
configure:7726: found /usr/bin/strip
configure:7737: result: strip
configure:7809: checking for ranlib
configure:7825: found /usr/bin/ranlib
configure:7836: result: ranlib
configure:7926: checking command to parse /usr/bin/nm -B output from gcc object
configure:8044: gcc -c -g -O2  conftest.c >&5
configure:8047: $? = 0
configure:8051: /usr/bin/nm -B conftest.o \| sed -n -e 's/^.*[	 ]\([ABCDGIRSTW][ABCDGIRSTW]*\)[	 ][	 ]*\([_A-Za-z][_A-Za-z0-9]*\)$/\1 \2 \2/p' \> conftest.nm
configure:8054: $? = 0
configure:8108: gcc -o conftest -g -O2   conftest.c conftstm.o >&5
configure:8111: $? = 0
configure:8149: result: ok
configure:8245: gcc -c -g -O2  conftest.c >&5
configure:8248: $? = 0
configure:9016: checking how to run the C preprocessor
configure:9056: gcc -E  conftest.c
configure:9063: $? = 0
configure:9094: gcc -E  conftest.c
conftest.c:8:28: fatal error: ac_nonexistent.h: No such file or directory
compilation terminated.
configure:9101: $? = 1
configure: failed program was:
| /* confdefs.h.  */
| #define PACKAGE_NAME "unimrcp"
| #define PACKAGE_TARNAME "unimrcp"
| #define PACKAGE_VERSION "1.5.0"
| #define PACKAGE_STRING "unimrcp 1.5.0"
| #define PACKAGE_BUGREPORT ""
| /* end confdefs.h.  */
| #include <ac_nonexistent.h>
configure:9134: result: gcc -E
configure:9163: gcc -E  conftest.c
configure:9170: $? = 0
configure:9201: gcc -E  conftest.c
conftest.c:8:28: fatal error: ac_nonexistent.h: No such file or directory
compilation terminated.
configure:9208: $? = 1
configure: failed program was:
| /* confdefs.h.  */
| #define PACKAGE_NAME "unimrcp"
| #define PACKAGE_TARNAME "unimrcp"
| #define PACKAGE_VERSION "1.5.0"
| #define PACKAGE_STRING "unimrcp 1.5.0"
| #define PACKAGE_BUGREPORT ""
| /* end confdefs.h.  */
| #include <ac_nonexistent.h>
configure:9248: checking for ANSI C header files
configure:9278: gcc -c -g -O2  conftest.c >&5
configure:9285: $? = 0
configure:9384: gcc -o conftest -g -O2   conftest.c  >&5
configure:9388: $? = 0
configure:9394: ./conftest
configure:9398: $? = 0
configure:9416: result: yes
configure:9440: checking for sys/types.h
configure:9461: gcc -c -g -O2  conftest.c >&5
configure:9468: $? = 0
configure:9485: result: yes
configure:9440: checking for sys/stat.h
configure:9461: gcc -c -g -O2  conftest.c >&5
configure:9468: $? = 0
configure:9485: result: yes
configure:9440: checking for stdlib.h
configure:9461: gcc -c -g -O2  conftest.c >&5
configure:9468: $? = 0
configure:9485: result: yes
configure:9440: checking for string.h
configure:9461: gcc -c -g -O2  conftest.c >&5
configure:9468: $? = 0
configure:9485: result: yes
configure:9440: checking for memory.h
configure:9461: gcc -c -g -O2  conftest.c >&5
configure:9468: $? = 0
configure:9485: result: yes
configure:9440: checking for strings.h
configure:9461: gcc -c -g -O2  conftest.c >&5
configure:9468: $? = 0
configure:9485: result: yes
configure:9440: checking for inttypes.h
configure:9461: gcc -c -g -O2  conftest.c >&5
configure:9468: $? = 0
configure:9485: result: yes
configure:9440: checking for stdint.h
configure:9461: gcc -c -g -O2  conftest.c >&5
configure:9468: $? = 0
configure:9485: result: yes
configure:9440: checking for unistd.h
configure:9461: gcc -c -g -O2  conftest.c >&5
configure:9468: $? = 0
configure:9485: result: yes
configure:9503: checking for dlfcn.h
configure:9524: gcc -c -g -O2  conftest.c >&5
configure:9531: $? = 0
configure:9548: result: yes
configure:9675: checking for C++ compiler version
configure:9683: g++ --version >&5
g++ (Ubuntu 5.4.0-6ubuntu1~16.04.10) 5.4.0 20160609
Copyright (C) 2015 Free Software Foundation, Inc.
This is free software; see the source for copying conditions.  There is NO
warranty; not even for MERCHANTABILITY or FITNESS FOR A PARTICULAR PURPOSE.

configure:9687: $? = 0
configure:9694: g++ -v >&5
Using built-in specs.
COLLECT_GCC=g++
COLLECT_LTO_WRAPPER=/usr/lib/gcc/x86_64-linux-gnu/5/lto-wrapper
Target: x86_64-linux-gnu
Configured with: ../src/configure -v --with-pkgversion='Ubuntu 5.4.0-6ubuntu1~16.04.10' --with-bugurl=file:///usr/share/doc/gcc-5/README.Bugs --enable-languages=c,ada,c++,java,go,d,fortran,objc,obj-c++ --prefix=/usr --program-suffix=-5 --enable-shared --enable-linker-build-id --libexecdir=/usr/lib --without-included-gettext --enable-threads=posix --libdir=/usr/lib --enable-nls --with-sysroot=/ --enable-clocale=gnu --enable-libstdcxx-debug --enable-libstdcxx-time=yes --with-default-libstdcxx-abi=new --enable-gnu-unique-object --disable-vtable-verify --enable-libmpx --enable-plugin --with-system-zlib --disable-browser-plugin --enable-java-awt=gtk --enable-gtk-cairo --with-java-home=/usr/lib/jvm/java-1.5.0-gcj-5-amd64/jre --enable-java-home --with-jvm-root-dir=/usr/lib/jvm/java-1.5.0-gcj-5-amd64 --with-jvm-jar-dir=/usr/lib/jvm-exports/java-1.5.0-gcj-5-amd64 --with-arch-directory=amd64 --with-ecj-jar=/usr/share/java/eclipse-ecj.jar --enable-objc-gc --enable-multiarch --disable-werror --with-arch-32=i686 --with-abi=m64 --with-multilib-list=m32,m64,mx32 --enable-multilib --with-tune=generic --enable-checking=release --build=x86_64-linux-gnu --host=x86_64-linux-gnu --target=x86_64-linux-gnu
Thread model: posix
gcc version 5.4.0 20160609 (Ubuntu 5.4.0-6ubuntu1~16.04.10) 
configure:9698: $? = 0
configure:9705: g++ -V >&5
g++: error: unrecognized command line option '-V'
g++: fatal error: no input files
compilation terminated.
configure:9709: $? = 1
configure:9712: checking whether we are using the GNU C++ compiler
configure:9765: result: yes
configure:9774: checking whether g++ accepts -g
configure:9912: result: yes
configure:9937: checking dependency style of g++
configure:10047: result: gcc3
configure:10070: checking how to run the C++ preprocessor
configure:10106: g++ -E  conftest.cpp
configure:10113: $? = 0
configure:10144: g++ -E  conftest.cpp
conftest.cpp:19:28: fatal error: ac_nonexistent.h: No such file or directory
compilation terminated.
configure:10151: $? = 1
configure: failed program was:
| /* confdefs.h.  */
| #define PACKAGE_NAME "unimrcp"
| #define PACKAGE_TARNAME "unimrcp"
| #define PACKAGE_VERSION "1.5.0"
| #define PACKAGE_STRING "unimrcp 1.5.0"
| #define PACKAGE_BUGREPORT ""
| #define STDC_HEADERS 1
| #define HAVE_SYS_TYPES_H 1
| #define HAVE_SYS_STAT_H 1
| #define HAVE_STDLIB_H 1
| #define HAVE_STRING_H 1
| #define HAVE_MEMORY_H 1
| #define HAVE_STRINGS_H 1
| #define HAVE_INTTYPES_H 1
| #define HAVE_STDINT_H 1
| #define HAVE_UNISTD_H 1
| #define HAVE_DLFCN_H 1
| /* end confdefs.h.  */
| #include <ac_nonexistent.h>
configure:10184: result: g++ -E
configure:10213: g++ -E  conftest.cpp
configure:10220: $? = 0
configure:10251: g++ -E  conftest.cpp
conftest.cpp:19:28: fatal error: ac_nonexistent.h: No such file or directory
compilation terminated.
configure:10258: $? = 1
configure: failed program was:
| /* confdefs.h.  */
| #define PACKAGE_NAME "unimrcp"
| #define PACKAGE_TARNAME "unimrcp"
| #define PACKAGE_VERSION "1.5.0"
| #define PACKAGE_STRING "unimrcp 1.5.0"
| #define PACKAGE_BUGREPORT ""
| #define STDC_HEADERS 1
| #define HAVE_SYS_TYPES_H 1
| #define HAVE_SYS_STAT_H 1
| #define HAVE_STDLIB_H 1
| #define HAVE_STRING_H 1
| #define HAVE_MEMORY_H 1
| #define HAVE_STRINGS_H 1
| #define HAVE_INTTYPES_H 1
| #define HAVE_STDINT_H 1
| #define HAVE_UNISTD_H 1
| #define HAVE_DLFCN_H 1
| /* end confdefs.h.  */
| #include <ac_nonexistent.h>
configure:10472: checking for objdir
configure:10487: result: .libs
configure:10783: checking if gcc supports -fno-rtti -fno-exceptions
configure:10801: gcc -c -g -O2  -fno-rtti -fno-exceptions conftest.c >&5
cc1: warning: command line option '-fno-rtti' is valid for C++/ObjC++ but not for C
configure:10805: $? = 0
configure:10818: result: no
configure:10838: checking for gcc option to produce PIC
configure:11110: result: -fPIC -DPIC
configure:11122: checking if gcc PIC flag -fPIC -DPIC works
configure:11140: gcc -c -g -O2  -fPIC -DPIC -DPIC conftest.c >&5
configure:11144: $? = 0
configure:11157: result: yes
configure:11181: checking if gcc static flag -static works
configure:11209: result: yes
configure:11224: checking if gcc supports -c -o file.o
configure:11245: gcc -c -g -O2  -o out/conftest2.o conftest.c >&5
configure:11249: $? = 0
configure:11271: result: yes
configure:11279: checking if gcc supports -c -o file.o
configure:11326: result: yes
configure:11359: checking whether the gcc linker (/usr/bin/ld -m elf_x86_64) supports shared libraries
configure:12433: result: yes
configure:12470: checking whether -lc should be explicitly linked in
configure:12475: gcc -c -g -O2  conftest.c >&5
configure:12478: $? = 0
configure:12493: gcc -shared conftest.o  -v -Wl,-soname -Wl,conftest -o conftest 2\>\&1 \| /bin/grep  -lc  \>/dev/null 2\>\&1
configure:12496: $? = 0
configure:12508: result: no
configure:12672: checking dynamic linker characteristics
configure:13115: gcc -o conftest -g -O2   -Wl,-rpath -Wl,/foo conftest.c  >&5
configure:13122: $? = 0
configure:13358: result: GNU/Linux ld.so
configure:13460: checking how to hardcode library paths into programs
configure:13485: result: immediate
configure:14318: checking whether stripping libraries is possible
configure:14323: result: yes
configure:14358: checking if libtool supports shared libraries
configure:14360: result: yes
configure:14363: checking whether to build shared libraries
configure:14384: result: yes
configure:14387: checking whether to build static libraries
configure:14391: result: yes
configure:14541: checking for ld used by g++
configure:14608: result: /usr/bin/ld -m elf_x86_64
configure:14617: checking if the linker (/usr/bin/ld -m elf_x86_64) is GNU ld
configure:14632: result: yes
configure:14687: checking whether the g++ linker (/usr/bin/ld -m elf_x86_64) supports shared libraries
configure:15662: result: yes
configure:15690: g++ -c -g -O2  conftest.cpp >&5
configure:15693: $? = 0
configure:15875: checking for g++ option to produce PIC
configure:16192: result: -fPIC -DPIC
configure:16201: checking if g++ PIC flag -fPIC -DPIC works
configure:16219: g++ -c -g -O2  -fPIC -DPIC -DPIC conftest.cpp >&5
configure:16223: $? = 0
configure:16236: result: yes
configure:16257: checking if g++ static flag -static works
configure:16285: result: yes
configure:16297: checking if g++ supports -c -o file.o
configure:16318: g++ -c -g -O2  -o out/conftest2.o conftest.cpp >&5
configure:16322: $? = 0
configure:16344: result: yes
configure:16349: checking if g++ supports -c -o file.o
configure:16396: result: yes
configure:16426: checking whether the g++ linker (/usr/bin/ld -m elf_x86_64) supports shared libraries
configure:16452: result: yes
configure:16589: checking dynamic linker characteristics
configure:16980: g++ -o conftest -g -O2   -Wl,-rpath -Wl,/foo conftest.cpp  >&5
configure:16987: $? = 0
configure:17223: result: GNU/Linux ld.so
configure:17274: checking how to hardcode library paths into programs
configure:17299: result: immediate
configure:17361: checking for C compiler vendor
configure:17415: gcc -c -g -O2  conftest.c >&5
conftest.c: In function 'main':
conftest.c:9:9: error: 'thisisanerror' undeclared (first use in this function)
         thisisanerror;
         ^
conftest.c:9:9: note: each undeclared identifier is reported only once for each function it appears in
configure:17422: $? = 1
configure: failed program was:
| /* confdefs.h.  */
| /* end confdefs.h.  */
| 
| int
| main ()
| {
| 
|       #if !(defined(__ICC) || defined(__ECC) || defined(__INTEL_COMPILER))
|         thisisanerror;
|       #endif
| 
|   ;
|   return 0;
| }
configure:17415: gcc -c -g -O2  conftest.c >&5
conftest.c: In function 'main':
conftest.c:9:9: error: 'thisisanerror' undeclared (first use in this function)
         thisisanerror;
         ^
conftest.c:9:9: note: each undeclared identifier is reported only once for each function it appears in
configure:17422: $? = 1
configure: failed program was:
| /* confdefs.h.  */
| /* end confdefs.h.  */
| 
| int
| main ()
| {
| 
|       #if !(defined(__xlc__) || defined(__xlC__) || defined(__IBMC__) || defined(__IBMCPP__))
|         thisisanerror;
|       #endif
| 
|   ;
|   return 0;
| }
configure:17415: gcc -c -g -O2  conftest.c >&5
conftest.c: In function 'main':
conftest.c:9:9: error: 'thisisanerror' undeclared (first use in this function)
         thisisanerror;
         ^
conftest.c:9:9: note: each undeclared identifier is reported only once for each function it appears in
configure:17422: $? = 1
configure: failed program was:
| /* confdefs.h.  */
| /* end confdefs.h.  */
| 
| int
| main ()
| {
| 
|       #if !(defined(__PATHCC__) || defined(__PATHSCALE__))
|         thisisanerror;
|       #endif
| 
|   ;
|   return 0;
| }
configure:17415: gcc -c -g -O2  conftest.c >&5
conftest.c: In function 'main':
conftest.c:9:9: error: 'thisisanerror' undeclared (first use in this function)
         thisisanerror;
         ^
conftest.c:9:9: note: each undeclared identifier is reported only once for each function it appears in
configure:17422: $? = 1
configure: failed program was:
| /* confdefs.h.  */
| /* end confdefs.h.  */
| 
| int
| main ()
| {
| 
|       #if !(defined(__clang__))
|         thisisanerror;
|       #endif
| 
|   ;
|   return 0;
| }
configure:17415: gcc -c -g -O2  conftest.c >&5
configure:17422: $? = 0
configure:17440: result: gnu
configure:17446: checking for pkg-config
configure:17464: found /usr/bin/pkg-config
configure:17477: result: /usr/bin/pkg-config
configure:17505: Apache Portable Runtime (APR) library configuration
configure:17533: checking for APR
configure:17615: result: yes
configure:17638: result: 1.5.2
configure:17748: Apache Portable Runtime Utility (APU) library configuration
configure:17776: checking for APR-util
configure:17858: result: yes
configure:17881: result: 1.5.4
configure:17953: Sofia SIP library configuration
configure:17956: checking for Sofia-SIP
configure:18016: result: yes
configure:18018: result: 1.12.11-234-gd74df2e
configure:18040: enable inter-library dependencies: yes
configure:18058: enable maintainer mode: no
configure:18588: creating ./config.status

## ---------------------- ##
## Running config.status. ##
## ---------------------- ##

This file was extended by unimrcp config.status 1.5.0, which was
generated by GNU Autoconf 2.63.  Invocation command line was

  CONFIG_FILES    = 
  CONFIG_HEADERS  = 
  CONFIG_LINKS    = 
  CONFIG_COMMANDS = 
  $ ./config.status 

on lptp-15

config.status:1044: creating Makefile
config.status:1044: creating libs/Makefile
config.status:1044: creating libs/apr-toolkit/Makefile
config.status:1044: creating libs/mpf/Makefile
config.status:1044: creating libs/mrcp/Makefile
config.status:1044: creating libs/mrcp-signaling/Makefile
config.status:1044: creating libs/mrcpv2-transport/Makefile
config.status:1044: creating libs/mrcp-engine/Makefile
config.status:1044: creating libs/mrcp-server/Makefile
config.status:1044: creating libs/mrcp-client/Makefile
config.status:1044: creating libs/uni-rtsp/Makefile
config.status:1044: creating modules/Makefile
config.status:1044: creating modules/mrcp-sofiasip/Makefile
config.status:1044: creating modules/mrcp-unirtsp/Makefile
config.status:1044: creating plugins/Makefile
config.status:1044: creating plugins/mrcp-recorder/Makefile
config.status:1044: creating plugins/demo-synth/Makefile
config.status:1044: creating plugins/demo-recog/Makefile
config.status:1044: creating plugins/demo-verifier/Makefile
config.status:1044: creating platforms/Makefile
config.status:1044: creating platforms/libunimrcp-server/Makefile
config.status:1044: creating platforms/libunimrcp-client/Makefile
config.status:1044: creating platforms/unimrcp-server/Makefile
config.status:1044: creating platforms/unimrcp-client/Makefile
config.status:1044: creating platforms/libasr-client/Makefile
config.status:1044: creating platforms/asr-client/Makefile
config.status:1044: creating platforms/umc/Makefile
config.status:1044: creating tests/Makefile
config.status:1044: creating tests/apttest/Makefile
config.status:1044: creating tests/mpftest/Makefile
config.status:1044: creating tests/mrcptest/Makefile
config.status:1044: creating tests/rtsptest/Makefile
config.status:1044: creating tests/strtablegen/Makefile
config.status:1044: creating build/Makefile
config.status:1044: creating build/pkgconfig/Makefile
config.status:1044: creating build/pkgconfig/unimrcpclient.pc
config.status:1044: creating build/pkgconfig/unimrcpserver.pc
config.status:1044: creating build/pkgconfig/unimrcpplugin.pc
config.status:1044: creating conf/Makefile
config.status:1044: creating data/Makefile
config.status:1044: creating docs/doxygen.conf
config.status:1255: executing depfiles commands
config.status:1255: executing libtool commands

## ---------------- ##
## Cache variables. ##
## ---------------- ##

ac_cv_build=x86_64-unknown-linux-gnu
ac_cv_c_compiler_gnu=yes
ac_cv_cxx_compiler_gnu=yes
ac_cv_env_CCC_set=
ac_cv_env_CCC_value=
ac_cv_env_CC_set=
ac_cv_env_CC_value=
ac_cv_env_CFLAGS_set=
ac_cv_env_CFLAGS_value=
ac_cv_env_CPPFLAGS_set=
ac_cv_env_CPPFLAGS_value=
ac_cv_env_CPP_set=
ac_cv_env_CPP_value=
ac_cv_env_CXXCPP_set=
ac_cv_env_CXXCPP_value=
ac_cv_env_CXXFLAGS_set=
ac_cv_env_CXXFLAGS_value=
ac_cv_env_CXX_set=
ac_cv_env_CXX_value=
ac_cv_env_LDFLAGS_set=
ac_cv_env_LDFLAGS_value=
ac_cv_env_LIBS_set=
ac_cv_env_LIBS_value=
ac_cv_env_build_alias_set=
ac_cv_env_build_alias_value=
ac_cv_env_host_alias_set=
ac_cv_env_host_alias_value=
ac_cv_env_target_alias_set=
ac_cv_env_target_alias_value=
ac_cv_header_dlfcn_h=yes
ac_cv_header_inttypes_h=yes
ac_cv_header_memory_h=yes
ac_cv_header_stdc=yes
ac_cv_header_stdint_h=yes
ac_cv_header_stdlib_h=yes
ac_cv_header_string_h=yes
ac_cv_header_strings_h=yes
ac_cv_header_sys_stat_h=yes
ac_cv_header_sys_types_h=yes
ac_cv_header_unistd_h=yes
ac_cv_host=x86_64-unknown-linux-gnu
ac_cv_objext=o
ac_cv_path_EGREP='/bin/grep -E'
ac_cv_path_FGREP='/bin/grep -F'
ac_cv_path_GREP=/bin/grep
ac_cv_path_PKG_CONFIG=/usr/bin/pkg-config
ac_cv_path_SED=/bin/sed
ac_cv_path_install='/usr/bin/install -c'
ac_cv_path_mkdir=/bin/mkdir
ac_cv_prog_AWK=mawk
ac_cv_prog_CPP='gcc -E'
ac_cv_prog_CXXCPP='g++ -E'
ac_cv_prog_ac_ct_AR=ar
ac_cv_prog_ac_ct_CC=gcc
ac_cv_prog_ac_ct_CXX=g++
ac_cv_prog_ac_ct_OBJDUMP=objdump
ac_cv_prog_ac_ct_RANLIB=ranlib
ac_cv_prog_ac_ct_STRIP=strip
ac_cv_prog_cc_c89=
ac_cv_prog_cc_g=yes
ac_cv_prog_cc_gcc_c_o=yes
ac_cv_prog_cxx_g=yes
ac_cv_prog_make_make_set=yes
am_cv_CC_dependencies_compiler_type=gcc3
am_cv_CXX_dependencies_compiler_type=gcc3
ax_cv_c_compiler_vendor=gnu
lt_cv_deplibs_check_method=pass_all
lt_cv_file_magic_cmd='$MAGIC_CMD'
lt_cv_file_magic_test_file=
lt_cv_ld_reload_flag=-r
lt_cv_nm_interface='BSD nm'
lt_cv_objdir=.libs
lt_cv_path_LD=/usr/bin/ld
lt_cv_path_LDCXX='/usr/bin/ld -m elf_x86_64'
lt_cv_path_NM='/usr/bin/nm -B'
lt_cv_prog_compiler_c_o=yes
lt_cv_prog_compiler_c_o_CXX=yes
lt_cv_prog_compiler_pic_works=yes
lt_cv_prog_compiler_pic_works_CXX=yes
lt_cv_prog_compiler_rtti_exceptions=no
lt_cv_prog_compiler_static_works=yes
lt_cv_prog_compiler_static_works_CXX=yes
lt_cv_prog_gnu_ld=yes
lt_cv_prog_gnu_ldcxx=yes
lt_cv_sys_global_symbol_pipe='sed -n -e '\''s/^.*[	 ]\([ABCDGIRSTW][ABCDGIRSTW]*\)[	 ][	 ]*\([_A-Za-z][_A-Za-z0-9]*\)$/\1 \2 \2/p'\'''
lt_cv_sys_global_symbol_to_c_name_address='sed -n -e '\''s/^: \([^ ]*\) $/  {\"\1\", (void *) 0},/p'\'' -e '\''s/^[ABCDGIRSTW]* \([^ ]*\) \([^ ]*\)$/  {"\2", (void *) \&\2},/p'\'''
lt_cv_sys_global_symbol_to_c_name_address_lib_prefix='sed -n -e '\''s/^: \([^ ]*\) $/  {\"\1\", (void *) 0},/p'\'' -e '\''s/^[ABCDGIRSTW]* \([^ ]*\) \(lib[^ ]*\)$/  {"\2", (void *) \&\2},/p'\'' -e '\''s/^[ABCDGIRSTW]* \([^ ]*\) \([^ ]*\)$/  {"lib\2", (void *) \&\2},/p'\'''
lt_cv_sys_global_symbol_to_cdecl='sed -n -e '\''s/^T .* \(.*\)$/extern int \1();/p'\'' -e '\''s/^[ABCDGIRSTW]* .* \(.*\)$/extern char \1;/p'\'''
lt_cv_sys_max_cmd_len=1572864

## ----------------- ##
## Output variables. ##
## ----------------- ##

ACLOCAL='${SHELL} /home/local/CORPORATE/naman/work/unimrcp_source_code/unimrcp-1.5.0/build/missing --run aclocal-1.11'
AMDEPBACKSLASH='\'
AMDEP_FALSE='#'
AMDEP_TRUE=''
AMTAR='${SHELL} /home/local/CORPORATE/naman/work/unimrcp_source_code/unimrcp-1.5.0/build/missing --run tar'
AM_BACKSLASH='\'
AM_DEFAULT_VERBOSITY='0'
AR='ar'
ASR_CLIENT_FALSE='#'
ASR_CLIENT_TRUE=''
AUTOCONF='${SHELL} /home/local/CORPORATE/naman/work/unimrcp_source_code/unimrcp-1.5.0/build/missing --run autoconf'
AUTOHEADER='${SHELL} /home/local/CORPORATE/naman/work/unimrcp_source_code/unimrcp-1.5.0/build/missing --run autoheader'
AUTOMAKE='${SHELL} /home/local/CORPORATE/naman/work/unimrcp_source_code/unimrcp-1.5.0/build/missing --run automake-1.11'
AWK='mawk'
CC='gcc'
CCDEPMODE='depmode=gcc3'
CFLAGS='-g -O2 -pthread'
COMMON_CLIENT_DATA_FALSE='#'
COMMON_CLIENT_DATA_TRUE=''
CPP='gcc -E'
CPPFLAGS=' -DLINUX -D_REENTRANT -D_GNU_SOURCE'
CXX='g++'
CXXCPP='g++ -E'
CXXDEPMODE='depmode=gcc3'
CXXFLAGS='-g -O2'
CYGPATH_W='echo'
DEFS=''
DEMORECOG_PLUGIN_FALSE='#'
DEMORECOG_PLUGIN_TRUE=''
DEMOSYNTH_PLUGIN_FALSE='#'
DEMOSYNTH_PLUGIN_TRUE=''
DEMOVERIFIER_PLUGIN_FALSE='#'
DEMOVERIFIER_PLUGIN_TRUE=''
DEPDIR='.deps'
DSYMUTIL=''
DUMPBIN=''
ECHO_C=''
ECHO_N='-n'
ECHO_T=''
EGREP='/bin/grep -E'
EXEEXT=''
FGREP='/bin/grep -F'
GREP='/bin/grep'
INSTALL_DATA='${INSTALL} -m 644'
INSTALL_PROGRAM='${INSTALL}'
INSTALL_SCRIPT='${INSTALL}'
INSTALL_STRIP_PROGRAM='$(install_sh) -c -s'
ISMAC_FALSE=''
ISMAC_TRUE='#'
LD='/usr/bin/ld -m elf_x86_64'
LDFLAGS=' '
LIBOBJS=''
LIBS=''
LIBTOOL='$(SHELL) $(top_builddir)/libtool'
LIPO=''
LN_S='ln -s'
LTLIBOBJS=''
MAKEINFO='${SHELL} /home/local/CORPORATE/naman/work/unimrcp_source_code/unimrcp-1.5.0/build/missing --run makeinfo'
MKDIR_P='/bin/mkdir -p'
NM='/usr/bin/nm -B'
NMEDIT=''
OBJDUMP='objdump'
OBJEXT='o'
OTOOL64=''
OTOOL=''
PACKAGE='unimrcp'
PACKAGE_BUGREPORT=''
PACKAGE_NAME='unimrcp'
PACKAGE_STRING='unimrcp 1.5.0'
PACKAGE_TARNAME='unimrcp'
PACKAGE_VERSION='1.5.0'
PATH_SEPARATOR=':'
PKG_CONFIG='/usr/bin/pkg-config'
PLUGIN_LT_VERSION='-version-info 5:0:5'
RANLIB='ranlib'
RECORDER_PLUGIN_FALSE='#'
RECORDER_PLUGIN_TRUE=''
SED='/bin/sed'
SET_MAKE=''
SHELL='/bin/sh'
STRIP='strip'
TEST_SUITES_FALSE=''
TEST_SUITES_TRUE='#'
UMC_FALSE='#'
UMC_TRUE=''
UNIMRCP_APR_INCLUDES=' -I/usr/local/apr/include/apr-1 '
UNIMRCP_APR_LIBS=' -L/usr/local/apr/lib -lapr-1 -laprutil-1'
UNIMRCP_CLIENT_APP_FALSE='#'
UNIMRCP_CLIENT_APP_TRUE=''
UNIMRCP_CLIENT_LIB_FALSE='#'
UNIMRCP_CLIENT_LIB_TRUE=''
UNIMRCP_SERVER_APP_FALSE='#'
UNIMRCP_SERVER_APP_TRUE=''
UNIMRCP_SERVER_LIB_FALSE='#'
UNIMRCP_SERVER_LIB_TRUE=''
UNIMRCP_SOFIA_INCLUDES='-I/usr/local/include/sofia-sip-1.12'
UNIMRCP_SOFIA_LIBS='-L/usr/local/lib -lsofia-sip-ua'
UNI_DOTTED_VERSION='1.5.0'
UNI_LT_VERSION='-version-info 5:0:5'
VERSION='1.5.0'
ac_aux_dir='build'
ac_ct_CC='gcc'
ac_ct_CXX='g++'
ac_ct_DUMPBIN=''
ac_macro_dir='build/acmacros'
am__EXEEXT_FALSE=''
am__EXEEXT_TRUE='#'
am__fastdepCC_FALSE='#'
am__fastdepCC_TRUE=''
am__fastdepCXX_FALSE='#'
am__fastdepCXX_TRUE=''
am__include='include'
am__isrc=''
am__leading_dot='.'
am__quote=''
am__tar='${AMTAR} chof - "$$tardir"'
am__untar='${AMTAR} xf -'
bindir='${exec_prefix}/bin'
build='x86_64-unknown-linux-gnu'
build_alias=''
build_cpu='x86_64'
build_os='linux-gnu'
build_vendor='unknown'
datadir='${prefix}/data'
datarootdir='${prefix}/share'
docdir='${datarootdir}/doc/${PACKAGE_TARNAME}'
dvidir='${docdir}'
exec_prefix='${prefix}'
host='x86_64-unknown-linux-gnu'
host_alias=''
host_cpu='x86_64'
host_os='linux-gnu'
host_vendor='unknown'
htmldir='${docdir}'
includedir='${prefix}/include'
infodir='${datarootdir}/info'
install_sh='${SHELL} /home/local/CORPORATE/naman/work/unimrcp_source_code/unimrcp-1.5.0/build/install-sh'
libdir='${exec_prefix}/lib'
libexecdir='${exec_prefix}/modules'
localedir='${datarootdir}/locale'
localstatedir='${prefix}'
logdir='${exec_prefix}/log'
lt_ECHO='echo'
mandir='${prefix}/man'
mkdir_p='/bin/mkdir -p'
oldincludedir='/usr/include'
pdfdir='${docdir}'
plugindir='${exec_prefix}/plugin'
prefix='/usr/local/unimrcp'
program_transform_name='s,x,x,'
psdir='${docdir}'
sbindir='${exec_prefix}/bin'
sharedstatedir='${prefix}/com'
sysconfdir='${prefix}/conf'
target_alias=''
vardir='${exec_prefix}/var'

configure: exit 0
